<?xml version="1.0" encoding="UTF-8"?>
<!-- Generated by org.testng.reporters.JUnitReportReporter -->
<testsuite hostname="AARUSHsIDEAPAD" name="runners.RunCuke" tests="1" failures="0" timestamp="12 Sep 2018 18:37:56 GMT" time="31.692" errors="0">
  <testcase name="feature" time="31.692" classname="runners.RunCuke"/>
</testsuite> <!-- runners.RunCuke -->
