<?xml version="1.0" encoding="UTF-8"?>
<!-- Generated by org.testng.reporters.JUnitReportReporter -->
<testsuite hostname="AARUSHsIDEAPAD" name="runners.RunCuke" tests="1" failures="0" timestamp="12 Sep 2018 21:45:51 GMT" time="28.181" errors="0">
  <testcase name="feature" time="28.181" classname="runners.RunCuke"/>
</testsuite> <!-- runners.RunCuke -->
