<?xml version="1.0" encoding="UTF-8"?>
<!-- Generated by org.testng.reporters.JUnitReportReporter -->
<testsuite skipped="0" hostname="AARUSHsIDEAPAD" name="runners.RunCuke" tests="1" failures="0" timestamp="16 Sep 2018 22:23:18 GMT" time="38.123" errors="0">
  <testcase name="feature" time="38.123" classname="runners.RunCuke"/>
</testsuite> <!-- runners.RunCuke -->
