<?xml version="1.0" encoding="UTF-8"?>
<!-- Generated by org.testng.reporters.JUnitReportReporter -->
<testsuite hostname="AARUSHsIDEAPAD" name="runners.RunCuke" tests="1" failures="0" timestamp="15 Sep 2018 20:04:32 GMT" time="35.468" errors="0">
  <testcase name="feature" time="35.468" classname="runners.RunCuke"/>
</testsuite> <!-- runners.RunCuke -->
