<?xml version="1.0" encoding="UTF-8"?>
<!-- Generated by org.testng.reporters.JUnitReportReporter -->
<testsuite skipped="0" hostname="AARUSHsIDEAPAD" name="runners.RunCuke" tests="1" failures="0" timestamp="17 Sep 2018 12:56:02 GMT" time="41.619" errors="0">
  <testcase name="feature" time="41.619" classname="runners.RunCuke"/>
</testsuite> <!-- runners.RunCuke -->
