<?xml version="1.0" encoding="UTF-8"?>
<!-- Generated by org.testng.reporters.JUnitReportReporter -->
<testsuite skipped="0" hostname="AARUSHsIDEAPAD" name="runners.RunCuke" tests="1" failures="0" timestamp="15 Sep 2018 22:59:58 GMT" time="31.913" errors="0">
  <testcase name="feature" time="31.913" classname="runners.RunCuke"/>
</testsuite> <!-- runners.RunCuke -->
